[INFO|2018-11-07 14:00:32] Server TOKEN: AAA
[INFO|2018-11-07 14:00:32] Max client: 5
[INFO|2018-11-07 14:00:32] Max worker: 5
[INFO|2018-11-07 14:00:32] WORKER:: AAA-IN-0 :: AAA-OUT-0 :: AAA-CHANNEL-WORKER-0
[INFO|2018-11-07 14:00:32] WORKER:: AAA-IN-1 :: AAA-OUT-1 :: AAA-CHANNEL-WORKER-1
[INFO|2018-11-07 14:00:32] WORKER:: AAA-IN-2 :: AAA-OUT-2 :: AAA-CHANNEL-WORKER-2
[INFO|2018-11-07 14:00:32] WORKER:: AAA-IN-3 :: AAA-OUT-3 :: AAA-CHANNEL-WORKER-3
[INFO|2018-11-07 14:00:32] WORKER:: AAA-IN-4 :: AAA-OUT-4 :: AAA-CHANNEL-WORKER-4
[INFO|2018-11-07 14:00:32] CLIENT:: AAA-CHANNEL-CLIENT-0
[INFO|2018-11-07 14:00:32] CLIENT:: AAA-CHANNEL-CLIENT-1
[INFO|2018-11-07 14:00:32] CLIENT:: AAA-CHANNEL-CLIENT-2
[INFO|2018-11-07 14:00:32] CLIENT:: AAA-CHANNEL-CLIENT-3
[INFO|2018-11-07 14:00:32] CLIENT:: AAA-CHANNEL-CLIENT-4
[INFO|2018-11-07 14:00:32] Start register service worker...
[INFO|2018-11-07 14:00:32] Start register service client...
[INFO|2018-11-07 14:00:32] Start guard timeout service...
[INFO|2018-11-07 14:01:11] WORKER:: b'3eb36c68-e719-45cd-b8f0-9f1f614b2694' registered to worker 0!
[INFO|2018-11-07 14:01:53] CLIENT:: b'428b630b-e602-4a46-b9db-0485fe2a842c' register to worker 0!
[INFO|2018-11-07 14:02:17] CLIENT:: b'428b630b-e602-4a46-b9db-0485fe2a842c' - diconnected with worker 0
[INFO|2018-11-07 14:03:03] CLIENT:: b'fdb160a3-811b-4efa-b52d-7eeea919c8fe' register to worker 0!
[INFO|2018-11-07 14:04:08] CLIENT:: b'fdb160a3-811b-4efa-b52d-7eeea919c8fe' - diconnected with worker 0
[INFO|2018-11-07 14:05:20] CLIENT:: b'd0c71474-485e-40d8-8051-d0583dfa77da' register to worker 0!
[INFO|2018-11-07 14:05:40] CLIENT:: b'd0c71474-485e-40d8-8051-d0583dfa77da' - diconnected with worker 0
[INFO|2018-11-07 14:11:33] CLIENT:: b'9eff72bc-8535-4ba6-9e08-73ed3050e30f' register to worker 0!
[INFO|2018-11-07 14:12:06] CLIENT:: b'9eff72bc-8535-4ba6-9e08-73ed3050e30f' - diconnected with worker 0
[INFO|2018-11-07 14:17:18] CLIENT:: b'df8f30f0-a6f3-483e-914e-8ef9ecd37a00' register to worker 0!
[INFO|2018-11-07 14:17:58] CLIENT:: b'df8f30f0-a6f3-483e-914e-8ef9ecd37a00' - diconnected with worker 0
[INFO|2018-11-07 14:19:29] CLIENT:: b'a5198a05-7a34-4bfb-a8c0-e11ba338b15a' register to worker 0!
[INFO|2018-11-07 14:19:37] CLIENT:: b'a5198a05-7a34-4bfb-a8c0-e11ba338b15a' - diconnected with worker 0
[INFO|2018-11-07 14:20:36] CLIENT:: b'cfbea510-1026-42d4-b85b-973dd5ef4d2a' register to worker 0!
[INFO|2018-11-07 14:20:48] CLIENT:: b'cfbea510-1026-42d4-b85b-973dd5ef4d2a' - diconnected with worker 0
[INFO|2018-11-07 14:22:07] CLIENT:: b'6cf0d025-468d-4006-b66f-44e84ed56c38' register to worker 0!
[INFO|2018-11-07 14:22:48] CLIENT:: b'6cf0d025-468d-4006-b66f-44e84ed56c38' - diconnected with worker 0
[INFO|2018-11-07 14:23:59] CLIENT:: b'fa2427c1-93ea-4f72-80a7-c17f94ce88d6' register to worker 0!
[INFO|2018-11-07 14:24:16] CLIENT:: b'fa2427c1-93ea-4f72-80a7-c17f94ce88d6' - diconnected with worker 0
[INFO|2018-11-07 14:25:23] CLIENT:: b'f3a4778f-041b-483e-9fe7-f56bcab4b99b' register to worker 0!
[INFO|2018-11-07 14:25:52] CLIENT:: b'f3a4778f-041b-483e-9fe7-f56bcab4b99b' - diconnected with worker 0
[INFO|2018-11-07 14:29:20] CLIENT:: b'17a2e51a-0f8a-42c1-a8a7-3edf3acbb96e' register to worker 0!
[INFO|2018-11-07 14:29:29] CLIENT:: b'17a2e51a-0f8a-42c1-a8a7-3edf3acbb96e' - diconnected with worker 0
[INFO|2018-11-07 14:29:52] CLIENT:: b'4fb8a200-5fc3-4ade-8055-e6124a1393ee' register to worker 0!
[INFO|2018-11-07 14:30:07] CLIENT:: b'4fb8a200-5fc3-4ade-8055-e6124a1393ee' - diconnected with worker 0
[INFO|2018-11-07 14:30:28] CLIENT:: b'fb314399-07c9-4b86-81ec-239febf38eb4' register to worker 0!
[INFO|2018-11-07 14:30:54] CLIENT:: b'fb314399-07c9-4b86-81ec-239febf38eb4' - diconnected with worker 0
[INFO|2018-11-07 14:31:49] CLIENT:: b'6ecf13a9-eb34-4448-aaa9-fd120332f50c' register to worker 0!
[INFO|2018-11-07 14:32:21] CLIENT:: b'6ecf13a9-eb34-4448-aaa9-fd120332f50c' - diconnected with worker 0
[INFO|2018-11-07 14:33:11] CLIENT:: b'dcf7ced4-a9da-4219-b1dc-75eea5eaba2a' register to worker 0!
[INFO|2018-11-07 14:33:49] CLIENT:: b'dcf7ced4-a9da-4219-b1dc-75eea5eaba2a' - diconnected with worker 0
[INFO|2018-11-07 14:37:29] CLIENT:: b'231461af-fbf7-4792-95ed-4dc05e7e07c8' register to worker 0!
[INFO|2018-11-07 14:38:05] CLIENT:: b'231461af-fbf7-4792-95ed-4dc05e7e07c8' - diconnected with worker 0
